Log file open, 06/29/17 10:33:29
LogInit:Display: Running engine for game: Study_170628
LogPlatformFile: Not using cached read wrapper
LogInit:Display: RandInit(-1113881991) SRandInit(-1113881991).
LogTaskGraph: Started task graph with 5 named threads and 8 total threads with 1 sets of task threads.
LogStats: Stats thread started at 0.087872
LogPluginManager: Loaded Plugin Paper2D, From D:/unreal/Epic Games/UE_4.14/Engine/Plugins/2D/Paper2D/Paper2D.uplugin
LogPluginManager: Loaded Plugin LightPropagationVolume, From D:/unreal/Epic Games/UE_4.14/Engine/Plugins/Blendables/LightPropagationVolume/LightPropagationVolume.uplugin
LogPluginManager: Loaded Plugin BlankPlugin, From D:/unreal/Epic Games/UE_4.14/Engine/Plugins/Developer/BlankPlugin/BlankPlugin.uplugin
LogPluginManager: Loaded Plugin CodeLiteSourceCodeAccess, From D:/unreal/Epic Games/UE_4.14/Engine/Plugins/Developer/CodeLiteSourceCodeAccess/CodeLiteSourceCodeAccess.uplugin
LogPluginManager: Loaded Plugin GitSourceControl, From D:/unreal/Epic Games/UE_4.14/Engine/Plugins/Developer/GitSourceControl/GitSourceControl.uplugin
LogPluginManager: Loaded Plugin KDevelopSourceCodeAccess, From D:/unreal/Epic Games/UE_4.14/Engine/Plugins/Developer/KDevelopSourceCodeAccess/KDevelopSourceCodeAccess.uplugin
LogPluginManager: Loaded Plugin NullSourceCodeAccess, From D:/unreal/Epic Games/UE_4.14/Engine/Plugins/Developer/NullSourceCodeAccess/NullSourceCodeAccess.uplugin
LogPluginManager: Loaded Plugin OneSkyLocalizationService, From D:/unreal/Epic Games/UE_4.14/Engine/Plugins/Developer/OneSkyLocalizationService/OneSkyLocalizationService.uplugin
LogPluginManager: Loaded Plugin PerforceSourceControl, From D:/unreal/Epic Games/UE_4.14/Engine/Plugins/Developer/PerforceSourceControl/PerforceSourceControl.uplugin
LogPluginManager: Loaded Plugin SubversionSourceControl, From D:/unreal/Epic Games/UE_4.14/Engine/Plugins/Developer/SubversionSourceControl/SubversionSourceControl.uplugin
LogPluginManager: Loaded Plugin UObjectPlugin, From D:/unreal/Epic Games/UE_4.14/Engine/Plugins/Developer/UObjectPlugin/UObjectPlugin.uplugin
LogPluginManager: Loaded Plugin VisualStudioSourceCodeAccess, From D:/unreal/Epic Games/UE_4.14/Engine/Plugins/Developer/VisualStudioSourceCodeAccess/VisualStudioSourceCodeAccess.uplugin
LogPluginManager: Loaded Plugin XCodeSourceCodeAccess, From D:/unreal/Epic Games/UE_4.14/Engine/Plugins/Developer/XCodeSourceCodeAccess/XCodeSourceCodeAccess.uplugin
LogPluginManager: Loaded Plugin AudioCapture, From D:/unreal/Epic Games/UE_4.14/Engine/Plugins/Editor/AudioCapture/AudioCapture.uplugin
LogPluginManager: Loaded Plugin EpicSurvey, From D:/unreal/Epic Games/UE_4.14/Engine/Plugins/Editor/EpicSurvey/EpicSurvey.uplugin
LogPluginManager: Loaded Plugin MacGraphicsSwitching, From D:/unreal/Epic Games/UE_4.14/Engine/Plugins/Editor/MacGraphicsSwitching/MacGraphicsSwitching.uplugin
LogPluginManager: Loaded Plugin MobileLauncherProfileWizard, From D:/unreal/Epic Games/UE_4.14/Engine/Plugins/Editor/MobileLauncherProfileWizard/MobileLauncherProfileWizard.uplugin
LogPluginManager: Loaded Plugin PluginBrowser, From D:/unreal/Epic Games/UE_4.14/Engine/Plugins/Editor/PluginBrowser/PluginBrowser.uplugin
LogPluginManager: Loaded Plugin SpeedTreeImporter, From D:/unreal/Epic Games/UE_4.14/Engine/Plugins/Editor/SpeedTreeImporter/SpeedTreeImporter.uplugin
LogPluginManager: Loaded Plugin SuperSearchEditor, From D:/unreal/Epic Games/UE_4.14/Engine/Plugins/Editor/SuperSearchEditor/SuperSearchEditor.uplugin
LogPluginManager: Loaded Plugin AlembicImporter, From D:/unreal/Epic Games/UE_4.14/Engine/Plugins/Experimental/AlembicImporter/AlembicImporter.uplugin
LogPluginManager: Loaded Plugin BlueprintStats, From D:/unreal/Epic Games/UE_4.14/Engine/Plugins/Experimental/BlueprintStats/BlueprintStats.uplugin
LogPluginManager: Loaded Plugin CharacterAI, From D:/unreal/Epic Games/UE_4.14/Engine/Plugins/Experimental/CharacterAI/CharacterAI.uplugin
LogPluginManager: Loaded Plugin CodeEditor, From D:/unreal/Epic Games/UE_4.14/Engine/Plugins/Experimental/CodeEditor/CodeEditor.uplugin
LogPluginManager: Loaded Plugin CodeView, From D:/unreal/Epic Games/UE_4.14/Engine/Plugins/Experimental/CodeView/CodeView.uplugin
LogPluginManager: Loaded Plugin HTML5Networking, From D:/unreal/Epic Games/UE_4.14/Engine/Plugins/Experimental/HTML5Networking/HTML5Networking.uplugin
LogPluginManager: Loaded Plugin OSVR, From D:/unreal/Epic Games/UE_4.14/Engine/Plugins/Experimental/OSVR/OSVR.uplugin
LogPluginManager: Loaded Plugin Phya, From D:/unreal/Epic Games/UE_4.14/Engine/Plugins/Experimental/Phya/Phya.uplugin
LogPluginManager: Loaded Plugin SignificanceManager, From D:/unreal/Epic Games/UE_4.14/Engine/Plugins/Experimental/SignificanceManager/SignificanceManager.uplugin
LogPluginManager: Loaded Plugin SimpleHMD, From D:/unreal/Epic Games/UE_4.14/Engine/Plugins/Experimental/SimpleHMD/SimpleHMD.uplugin
LogPluginManager: Loaded Plugin StereoPanorama, From D:/unreal/Epic Games/UE_4.14/Engine/Plugins/Experimental/StereoPanorama/StereoPanorama.uplugin
LogPluginManager: Loaded Plugin StructBox, From D:/unreal/Epic Games/UE_4.14/Engine/Plugins/Experimental/StructBox/StructBox.uplugin
LogPluginManager: Loaded Plugin AndroidMedia, From D:/unreal/Epic Games/UE_4.14/Engine/Plugins/Media/AndroidMedia/AndroidMedia.uplugin
LogPluginManager: Loaded Plugin AvfMedia, From D:/unreal/Epic Games/UE_4.14/Engine/Plugins/Media/AvfMedia/AvfMedia.uplugin
LogPluginManager: Loaded Plugin MediaPlayerEditor, From D:/unreal/Epic Games/UE_4.14/Engine/Plugins/Media/MediaPlayerEditor/MediaPlayerEditor.uplugin
LogPluginManager: Loaded Plugin WmfMedia, From D:/unreal/Epic Games/UE_4.14/Engine/Plugins/Media/WmfMedia/WmfMedia.uplugin
LogPluginManager: Loaded Plugin MessagingDebugger, From D:/unreal/Epic Games/UE_4.14/Engine/Plugins/Messaging/MessagingDebugger/MessagingDebugger.uplugin
LogPluginManager: Loaded Plugin TcpMessaging, From D:/unreal/Epic Games/UE_4.14/Engine/Plugins/Messaging/TcpMessaging/TcpMessaging.uplugin
LogPluginManager: Loaded Plugin UdpMessaging, From D:/unreal/Epic Games/UE_4.14/Engine/Plugins/Messaging/UdpMessaging/UdpMessaging.uplugin
LogPluginManager: Loaded Plugin LevelSequenceEditor, From D:/unreal/Epic Games/UE_4.14/Engine/Plugins/MovieScene/LevelSequenceEditor/LevelSequenceEditor.uplugin
LogPluginManager: Loaded Plugin MatineeToLevelSequence, From D:/unreal/Epic Games/UE_4.14/Engine/Plugins/MovieScene/MatineeToLevelSequence/MatineeToLevelSequence.uplugin
LogPluginManager: Loaded Plugin NetcodeUnitTest, From D:/unreal/Epic Games/UE_4.14/Engine/Plugins/NetcodeUnitTest/NetcodeUnitTest/NetcodeUnitTest.uplugin
LogPluginManager: Loaded Plugin NUTUnrealEngine4, From D:/unreal/Epic Games/UE_4.14/Engine/Plugins/NetcodeUnitTest/NUTUnrealEngine4/NUTUnrealEngine4.uplugin
LogPluginManager: Loaded Plugin OnlineSubsystemGameCircle, From D:/unreal/Epic Games/UE_4.14/Engine/Plugins/Online/Android/OnlineSubsystemGameCircle/OnlineSubsystemGameCircle.uplugin
LogPluginManager: Loaded Plugin OnlineSubsystemGooglePlay, From D:/unreal/Epic Games/UE_4.14/Engine/Plugins/Online/Android/OnlineSubsystemGooglePlay/OnlineSubsystemGooglePlay.uplugin
LogPluginManager: Loaded Plugin OnlineSubsystemIOS, From D:/unreal/Epic Games/UE_4.14/Engine/Plugins/Online/IOS/OnlineSubsystemIOS/OnlineSubsystemIOS.uplugin
LogPluginManager: Loaded Plugin OnlineFramework, From D:/unreal/Epic Games/UE_4.14/Engine/Plugins/Online/OnlineFramework/OnlineFramework.uplugin
LogPluginManager: Loaded Plugin OnlineSubsystem, From D:/unreal/Epic Games/UE_4.14/Engine/Plugins/Online/OnlineSubsystem/OnlineSubsystem.uplugin
LogPluginManager: Loaded Plugin OnlineSubsystemAmazon, From D:/unreal/Epic Games/UE_4.14/Engine/Plugins/Online/OnlineSubsystemAmazon/OnlineSubsystemAmazon.uplugin
LogPluginManager: Loaded Plugin OnlineSubsystemFacebook, From D:/unreal/Epic Games/UE_4.14/Engine/Plugins/Online/OnlineSubsystemFacebook/OnlineSubsystemFacebook.uplugin
LogPluginManager: Loaded Plugin OnlineSubsystemNull, From D:/unreal/Epic Games/UE_4.14/Engine/Plugins/Online/OnlineSubsystemNull/OnlineSubsystemNull.uplugin
LogPluginManager: Loaded Plugin OnlineSubsystemOculus, From D:/unreal/Epic Games/UE_4.14/Engine/Plugins/Online/OnlineSubsystemOculus/OnlineSubsystemOculus.uplugin
LogPluginManager: Loaded Plugin OnlineSubsystemSteam, From D:/unreal/Epic Games/UE_4.14/Engine/Plugins/Online/OnlineSubsystemSteam/OnlineSubsystemSteam.uplugin
LogPluginManager: Loaded Plugin OnlineSubsystemUtils, From D:/unreal/Epic Games/UE_4.14/Engine/Plugins/Online/OnlineSubsystemUtils/OnlineSubsystemUtils.uplugin
LogPluginManager: Loaded Plugin IOSTapJoy, From D:/unreal/Epic Games/UE_4.14/Engine/Plugins/Runtime/Advertising/IOSTapJoy/IOSTapJoy.uplugin
LogPluginManager: Loaded Plugin AnalyticsBlueprintLibrary, From D:/unreal/Epic Games/UE_4.14/Engine/Plugins/Runtime/Analytics/AnalyticsBlueprintLibrary/AnalyticsBlueprintLibrary.uplugin
LogPluginManager: Loaded Plugin AnalyticsMulticast, From D:/unreal/Epic Games/UE_4.14/Engine/Plugins/Runtime/Analytics/AnalyticsMulticast/AnalyticsMulticast.uplugin
LogPluginManager: Loaded Plugin Apsalar, From D:/unreal/Epic Games/UE_4.14/Engine/Plugins/Runtime/Analytics/Apsalar/Apsalar.uplugin
LogPluginManager: Loaded Plugin FileLogging, From D:/unreal/Epic Games/UE_4.14/Engine/Plugins/Runtime/Analytics/FileLogging/FileLogging.uplugin
LogPluginManager: Loaded Plugin Flurry, From D:/unreal/Epic Games/UE_4.14/Engine/Plugins/Runtime/Analytics/Flurry/Flurry.uplugin
LogPluginManager: Loaded Plugin AndroidDeviceProfileSelector, From D:/unreal/Epic Games/UE_4.14/Engine/Plugins/Runtime/AndroidDeviceProfileSelector/AndroidDeviceProfileSelector.uplugin
LogPluginManager: Loaded Plugin AndroidMoviePlayer, From D:/unreal/Epic Games/UE_4.14/Engine/Plugins/Runtime/AndroidMoviePlayer/AndroidMoviePlayer.uplugin
LogPluginManager: Loaded Plugin AppleMoviePlayer, From D:/unreal/Epic Games/UE_4.14/Engine/Plugins/Runtime/AppleMoviePlayer/AppleMoviePlayer.uplugin
LogPluginManager: Loaded Plugin ArchVisCharacter, From D:/unreal/Epic Games/UE_4.14/Engine/Plugins/Runtime/ArchVisCharacter/ArchVisCharacter.uplugin
LogPluginManager: Loaded Plugin CableComponent, From D:/unreal/Epic Games/UE_4.14/Engine/Plugins/Runtime/CableComponent/CableComponent.uplugin
LogPluginManager: Loaded Plugin CustomMeshComponent, From D:/unreal/Epic Games/UE_4.14/Engine/Plugins/Runtime/CustomMeshComponent/CustomMeshComponent.uplugin
LogPluginManager: Loaded Plugin ExampleDeviceProfileSelector, From D:/unreal/Epic Games/UE_4.14/Engine/Plugins/Runtime/ExampleDeviceProfileSelector/ExampleDeviceProfileSelector.uplugin
LogPluginManager: Loaded Plugin GearVR, From D:/unreal/Epic Games/UE_4.14/Engine/Plugins/Runtime/GearVR/GearVR.uplugin
LogPluginManager: Loaded Plugin GoogleVRController, From D:/unreal/Epic Games/UE_4.14/Engine/Plugins/Runtime/GoogleVR/GoogleVRController/GoogleVRController.uplugin
LogPluginManager: Loaded Plugin GoogleVRHMD, From D:/unreal/Epic Games/UE_4.14/Engine/Plugins/Runtime/GoogleVR/GoogleVRHMD/GoogleVRHMD.uplugin
LogPluginManager: Loaded Plugin IOSDeviceProfileSelector, From D:/unreal/Epic Games/UE_4.14/Engine/Plugins/Runtime/IOSDeviceProfileSelector/IOSDeviceProfileSelector.uplugin
LogPluginManager: Loaded Plugin LeapMotion, From D:/unreal/Epic Games/UE_4.14/Engine/Plugins/Runtime/LeapMotion/LeapMotion.uplugin
LogPluginManager: Loaded Plugin LinuxDeviceProfileSelector, From D:/unreal/Epic Games/UE_4.14/Engine/Plugins/Runtime/LinuxDeviceProfileSelector/LinuxDeviceProfileSelector.uplugin
LogPluginManager: Loaded Plugin MIDIDevice, From D:/unreal/Epic Games/UE_4.14/Engine/Plugins/Runtime/MIDIDevice/MIDIDevice.uplugin
LogPluginManager: Loaded Plugin MobilePatchingUtils, From D:/unreal/Epic Games/UE_4.14/Engine/Plugins/Runtime/MobilePatchingUtils/MobilePatchingUtils.uplugin
LogPluginManager: Loaded Plugin Ansel, From D:/unreal/Epic Games/UE_4.14/Engine/Plugins/Runtime/Nvidia/Ansel/Ansel.uplugin
LogPluginManager: Loaded Plugin OculusAudio, From D:/unreal/Epic Games/UE_4.14/Engine/Plugins/Runtime/OculusAudio/OculusAudio.uplugin
LogPluginManager: Loaded Plugin OculusInput, From D:/unreal/Epic Games/UE_4.14/Engine/Plugins/Runtime/OculusInput/OculusInput.uplugin
LogPluginManager: Loaded Plugin OculusLibrary, From D:/unreal/Epic Games/UE_4.14/Engine/Plugins/Runtime/OculusLibrary/OculusLibrary.uplugin
LogPluginManager: Loaded Plugin OculusRift, From D:/unreal/Epic Games/UE_4.14/Engine/Plugins/Runtime/OculusRift/OculusRift.uplugin
LogPluginManager: Loaded Plugin Oodle, From D:/unreal/Epic Games/UE_4.14/Engine/Plugins/Runtime/PacketHandlers/CompressionComponents/Oodle/Oodle.uplugin
LogPluginManager: Loaded Plugin ProceduralMeshComponent, From D:/unreal/Epic Games/UE_4.14/Engine/Plugins/Runtime/ProceduralMeshComponent/ProceduralMeshComponent.uplugin
LogPluginManager: Loaded Plugin SoundMod, From D:/unreal/Epic Games/UE_4.14/Engine/Plugins/Runtime/SoundMod/SoundMod.uplugin
LogPluginManager: Loaded Plugin SoundVisualizations, From D:/unreal/Epic Games/UE_4.14/Engine/Plugins/Runtime/SoundVisualizations/SoundVisualizations.uplugin
LogPluginManager: Loaded Plugin SteamController, From D:/unreal/Epic Games/UE_4.14/Engine/Plugins/Runtime/Steam/SteamController/SteamController.uplugin
LogPluginManager: Loaded Plugin SteamVR, From D:/unreal/Epic Games/UE_4.14/Engine/Plugins/Runtime/Steam/SteamVR/SteamVR.uplugin
LogPluginManager: Loaded Plugin WebBrowserWidget, From D:/unreal/Epic Games/UE_4.14/Engine/Plugins/Runtime/WebBrowserWidget/WebBrowserWidget.uplugin
LogPluginManager: Loaded Plugin WindowsDeviceProfileSelector, From D:/unreal/Epic Games/UE_4.14/Engine/Plugins/Runtime/WindowsDeviceProfileSelector/WindowsDeviceProfileSelector.uplugin
LogPluginManager: Loaded Plugin WindowsMoviePlayer, From D:/unreal/Epic Games/UE_4.14/Engine/Plugins/Runtime/WindowsMoviePlayer/WindowsMoviePlayer.uplugin
LogPluginManager: Loaded Plugin ScriptPlugin, From D:/unreal/Epic Games/UE_4.14/Engine/Plugins/ScriptPlugin/ScriptPlugin.uplugin
LogPluginManager: Loaded Plugin SlateRemote, From D:/unreal/Epic Games/UE_4.14/Engine/Plugins/Slate/SlateRemote/SlateRemote.uplugin
LogPluginManager: Loaded Plugin EditorTests, From D:/unreal/Epic Games/UE_4.14/Engine/Plugins/Tests/EditorTests/EditorTests.uplugin
LogPluginManager: Loaded Plugin FbxAutomationTestBuilder, From D:/unreal/Epic Games/UE_4.14/Engine/Plugins/Tests/FbxAutomationTestBuilder/FbxAutomationTestBuilder.uplugin
LogPluginManager: Loaded Plugin FunctionalTestingEditor, From D:/unreal/Epic Games/UE_4.14/Engine/Plugins/Tests/FunctionalTestingEditor/FunctionalTestingEditor.uplugin
LogPluginManager: Loaded Plugin RuntimeTests, From D:/unreal/Epic Games/UE_4.14/Engine/Plugins/Tests/RuntimeTests/RuntimeTests.uplugin
LogPluginManager: Loaded Plugin ScreenshotTools, From D:/unreal/Epic Games/UE_4.14/Engine/Plugins/Tests/ScreenshotTools/ScreenshotTools.uplugin
LogInit: Using libcurl 7.47.1
LogInit:  - built for x86_64-pc-win32
LogInit:  - supports SSL with OpenSSL/1.0.2g
LogInit:  - supports HTTP deflate (compression) using libz 1.2.8
LogInit:  - other features:
LogInit:      CURL_VERSION_SSL
LogInit:      CURL_VERSION_LIBZ
LogInit:      CURL_VERSION_IPV6
LogInit:      CURL_VERSION_ASYNCHDNS
LogInit:      CURL_VERSION_LARGEFILE
LogInit:      CURL_VERSION_IDN
LogInit:  CurlRequestOptions (configurable via config and command line):
LogInit:  - bVerifyPeer = false  - Libcurl will NOT verify peer certificate
LogInit:  - bUseHttpProxy = false  - Libcurl will NOT use HTTP proxy
LogInit:  - bDontReuseConnections = false  - Libcurl will reuse connections
LogInit:  - CertBundlePath = nullptr  - Libcurl will use whatever was configured at build time.
LogInit: Build: ++UE4+Release-4.14-CL-3249277
LogInit: Engine Version: 4.14.3-3249277+++UE4+Release-4.14
LogInit: Compatible Engine Version: 4.14.0-3195953+++UE4+Release-4.14
LogInit: Net CL: 3195953
LogDevObjectVersion: Number of dev versions registered: 13
LogDevObjectVersion:   Dev-Blueprints (B0D832E4-1F89-4F0D-ACCF-7EB736FD4AA2): 7
LogDevObjectVersion:   Dev-Build (E1C64328-A22C-4D53-A36C-8E866417BD8C): 0
LogDevObjectVersion:   Dev-Core (375EC13C-06E4-48FB-B500-84F0262A717E): 1
LogDevObjectVersion:   Dev-Editor (E4B068ED-F494-42E9-A231-DA0B2E46BB41): 8
LogDevObjectVersion:   Dev-Framework (CFFC743F-43B0-4480-9391-14DF171D2073): 17
LogDevObjectVersion:   Dev-Mobile (B02B49B5-BB20-44E9-A304-32B752E40360): 0
LogDevObjectVersion:   Dev-Networking (A4E4105C-59A1-49B5-A7C5-40C4547EDFEE): 0
LogDevObjectVersion:   Dev-Online (39C831C9-5AE6-47DC-9A44-9C173E1C8E7C): 0
LogDevObjectVersion:   Dev-Physics (78F01B33-EBEA-4F98-B9B4-84EACCB95AA2): 0
LogDevObjectVersion:   Dev-Platform (6631380F-2D4D-43E0-8009-CF276956A95A): 0
LogDevObjectVersion:   Dev-Rendering (12F88B9F-8875-4AFC-A67C-D90C383ABD29): 12
LogDevObjectVersion:   Dev-Sequencer (7B5AE74C-D270-4C10-A958-57980B212A5A): 1
LogDevObjectVersion:   Dev-VR (D7296918-1DD6-4BDD-9DE2-64A83CC13884): 0
LogInit: Compiled (64-bit): Jan  6 2017 10:49:43
LogInit: Compiled with Visual C++: 19.00.23026.00
LogInit: Build Configuration: Development
LogInit: Branch Name: ++UE4+Release-4.14
LogInit: Command line:  
LogInit: Base directory: D:/unreal/Epic Games/UE_4.14/Engine/Binaries/Win64/
LogInit: Installed Engine Build: 1
LogInit: Presizing for max 8388607 objects, including 0 objects not considered by GC, pre-allocating 0 bytes for permanent pool.
LogInit: Object subsystem initialized
[2017.06.29-01.33.29:558][  0]LogInit: Selected Device Profile: [Windows]
[2017.06.29-01.33.29:558][  0]LogInit: Applying CVar settings loaded from the selected device profile: [Windows]
[2017.06.29-01.33.29:577][  0]LogInit: Computer: STAR
[2017.06.29-01.33.29:577][  0]LogInit: User: STAR
[2017.06.29-01.33.29:577][  0]LogInit: CPU Page size=65536, Cores=4
[2017.06.29-01.33.29:577][  0]LogInit: High frequency timer resolution =2.250001 MHz
[2017.06.29-01.33.29:577][  0]LogMemory: Memory total: Physical=7.8GB (8GB approx)
[2017.06.29-01.33.29:577][  0]LogMemory: Platform Memory Stats for Windows
[2017.06.29-01.33.29:577][  0]LogMemory: Process Physical Memory: 264.93 MB used, 264.93 MB peak
[2017.06.29-01.33.29:577][  0]LogMemory: Process Virtual Memory: 262.68 MB used, 262.68 MB peak
[2017.06.29-01.33.29:577][  0]LogMemory: Physical Memory: 5649.82 MB used,  2334.16 MB free, 7983.98 MB total
[2017.06.29-01.33.29:577][  0]LogMemory: Virtual Memory: 676.58 MB used,  2334.16 MB free, 134217728.00 MB total
[2017.06.29-01.33.29:641][  0]LogTextLocalizationManager: No specific translations for ('ko-KR') exist, so ('ko') translations will be used.
[2017.06.29-01.33.29:693][  0]LogTextLocalizationManager:Warning: Loaded localization resources contain conflicting entries for (Namespace:KismetSchema, Key:Default):
Localization Resource: (D:/unreal/Epic Games/UE_4.14/Engine/Content/Localization/EditorTutorials/ko/EditorTutorials.locres) Source String Hash: (940523119) Localized String: (디폴트)
Localization Resource: (D:/unreal/Epic Games/UE_4.14/Engine/Content/Localization/Engine/ko/Engine.locres) Source String Hash: (940523119) Localized String: (기본)
[2017.06.29-01.33.29:694][  0]LogTextLocalizationManager:Warning: Loaded localization resources contain conflicting entries for (Namespace:UObjectToolTips, Key:AnimNode_AssetPlayerBase:InternalTimeAccumulator):
Localization Resource: (D:/unreal/Epic Games/UE_4.14/Engine/Content/Localization/EditorTutorials/ko/EditorTutorials.locres) Source String Hash: (502993589) Localized String: (이 노드에서 애셋을 레퍼런싱하는 데 사용되는 누적 시간입니다.)
Localization Resource: (D:/unreal/Epic Games/UE_4.14/Engine/Content/Localization/Engine/ko/Engine.locres) Source String Hash: (502993589) Localized String: (이 노드에서 애셋을 레퍼런싱하는 데 사용된 누적 시간입니다.)
[2017.06.29-01.33.29:694][  0]LogTextLocalizationManager:Warning: Loaded localization resources contain conflicting entries for (Namespace:UObjectToolTips, Key:AnimNode_AssetPlayerBase:bIgnoreForRelevancyTest):
Localization Resource: (D:/unreal/Epic Games/UE_4.14/Engine/Content/Localization/EditorTutorials/ko/EditorTutorials.locres) Source String Hash: (319969718) Localized String: (True 면, 스테이트에서 최고 가중치 애니메이션을 찾는 "Relevant anim" 노드는 이 노드를 무시합니다.
 )
Localization Resource: (D:/unreal/Epic Games/UE_4.14/Engine/Content/Localization/Engine/ko/Engine.locres) Source String Hash: (319969718) Localized String: (True 면 스테이트 내 최고 웨이팅된 애니메이션을 찾는 "Relevant anim" 노드가 무시됩니다.
 )
[2017.06.29-01.33.29:694][  0]LogTextLocalizationManager:Warning: Loaded localization resources contain conflicting entries for (Namespace:UObjectToolTips, Key:AnimNode_AssetPlayerBase:BlendWeight):
Localization Resource: (D:/unreal/Epic Games/UE_4.14/Engine/Content/Localization/EditorTutorials/ko/EditorTutorials.locres) Source String Hash: (-1232800293) Localized String: (이 노드에 마지막 걸린 블렌드웨이트 입니다.)
Localization Resource: (D:/unreal/Epic Games/UE_4.14/Engine/Content/Localization/Engine/ko/Engine.locres) Source String Hash: (-1232800293) Localized String: (이 노드에 대해 마지막 접한 블렌드 웨이트)
[2017.06.29-01.33.30:820][  0]LogD3D11RHI: D3D11 adapters:
[2017.06.29-01.33.30:876][  0]LogD3D11RHI:    0. 'NVIDIA GeForce GTX 950M' (Feature Level 11_0)
[2017.06.29-01.33.30:876][  0]LogD3D11RHI:       2018/0/3991 MB DedicatedVideo/DedicatedSystem/SharedSystem, Outputs:2, VendorId:0x10de
[2017.06.29-01.33.30:887][  0]LogD3D11RHI:    1. 'Intel(R) HD Graphics 530' (Feature Level 11_0)
[2017.06.29-01.33.30:887][  0]LogD3D11RHI:       128/0/3991 MB DedicatedVideo/DedicatedSystem/SharedSystem, Outputs:0, VendorId:0x8086
[2017.06.29-01.33.30:890][  0]LogD3D11RHI:    2. 'Microsoft Basic Render Driver' (Feature Level 11_0)
[2017.06.29-01.33.30:890][  0]LogD3D11RHI:       0/0/3991 MB DedicatedVideo/DedicatedSystem/SharedSystem, Outputs:0, VendorId:0x1414
[2017.06.29-01.33.30:890][  0]LogD3D11RHI: Chosen D3D11 Adapter: 0
[2017.06.29-01.33.30:907][  0]LogD3D11RHI: Creating new Direct3DDevice
[2017.06.29-01.33.30:907][  0]LogD3D11RHI:     GPU DeviceId: 0x139a (for the marketing name, search the web for "GPU Device Id")
[2017.06.29-01.33.30:907][  0]LogWindows: EnumDisplayDevices:
[2017.06.29-01.33.30:908][  0]LogWindows:    0. 'Intel(R) HD Graphics 530' (P:1 D:1)
[2017.06.29-01.33.30:909][  0]LogWindows:    1. 'Intel(R) HD Graphics 530' (P:0 D:1)
[2017.06.29-01.33.30:909][  0]LogWindows:    2. 'Intel(R) HD Graphics 530' (P:0 D:0)
[2017.06.29-01.33.30:910][  0]LogWindows: DebugString: PrimaryIsNotTheChoosenAdapter PrimaryIsNotTheChoosenAdapter PrimaryIsNotTheChoosenAdapter FoundDriverCount:0 
[2017.06.29-01.33.30:910][  0]LogD3D11RHI:     Adapter Name: NVIDIA GeForce GTX 950M
[2017.06.29-01.33.30:910][  0]LogD3D11RHI:   Driver Version: Unknown (internal:Unknown, unified:Unknown)
[2017.06.29-01.33.30:910][  0]LogD3D11RHI:      Driver Date: Unknown
[2017.06.29-01.33.30:910][  0]LogRHI: Texture pool is 1361 MB (70% of 1945 MB)
[2017.06.29-01.33.30:928][  0]LogD3D11RHI: Async texture creation enabled
[2017.06.29-01.33.30:939][  0]LogD3D11RHI: GPU Timing Frequency: 1000.000000 (Debug: 2 1)
[2017.06.29-01.33.30:940][  0]LogShaderCompilers: Guid format shader working directory is -18 characters bigger than the processId version (../../../../../../Git/UnrealProject/Study/170628/Study_170628/Intermediate/Shaders/WorkingDirectory/109148/).
[2017.06.29-01.33.30:940][  0]LogShaderCompilers: Cleaned the shader compiler working directory 'C:/Users/STAR/AppData/Local/Temp/UnrealShaderWorkingDir/50F4054E4C048C24C81F3FAA49ED52C9/'.
[2017.06.29-01.33.30:940][  0]LogShaderCompilers:Display: Using Local Shader Compiler.
[2017.06.29-01.33.32:455][  0]LogTemp:Display: Loaded TP AllDesktopTargetPlatform
[2017.06.29-01.33.32:541][  0]LogTemp:Display: Loaded TP MacClientTargetPlatform
[2017.06.29-01.33.32:625][  0]LogTemp:Display: Loaded TP MacNoEditorTargetPlatform
[2017.06.29-01.33.32:712][  0]LogTemp:Display: Loaded TP MacServerTargetPlatform
[2017.06.29-01.33.32:817][  0]LogTemp:Display: Loaded TP MacTargetPlatform
[2017.06.29-01.33.32:898][  0]LogTemp:Display: Loaded TP WindowsClientTargetPlatform
[2017.06.29-01.33.32:954][  0]LogTemp:Display: Loaded TP WindowsNoEditorTargetPlatform
[2017.06.29-01.33.33:014][  0]LogTemp:Display: Loaded TP WindowsServerTargetPlatform
[2017.06.29-01.33.33:064][  0]LogTemp:Display: Loaded TP WindowsTargetPlatform
[2017.06.29-01.33.33:129][  0]LogTemp:Display: Loaded TP AndroidTargetPlatform
[2017.06.29-01.33.33:202][  0]LogTemp:Display: Loaded TP Android_ASTCTargetPlatform
[2017.06.29-01.33.33:265][  0]LogTemp:Display: Loaded TP Android_ATCTargetPlatform
[2017.06.29-01.33.33:329][  0]LogTemp:Display: Loaded TP Android_DXTTargetPlatform
[2017.06.29-01.33.33:387][  0]LogTemp:Display: Loaded TP Android_ETC1TargetPlatform
[2017.06.29-01.33.33:453][  0]LogTemp:Display: Loaded TP Android_ETC2TargetPlatform
[2017.06.29-01.33.33:630][  0]LogTemp:Display: Loaded TP Android_MultiTargetPlatform
[2017.06.29-01.33.33:630][  0]LogTemp:Display: Loaded TP Android_PVRTCTargetPlatform
[2017.06.29-01.33.33:673][  0]LogTemp:Display: Loaded TP HTML5TargetPlatform
[2017.06.29-01.33.33:767][  0]LogTemp:Display: Loaded TP IOSTargetPlatform
[2017.06.29-01.33.33:803][  0]LogTemp:Display: Loaded TP TVOSTargetPlatform
[2017.06.29-01.33.33:859][  0]LogTemp:Display: Loaded TP LinuxClientTargetPlatform
[2017.06.29-01.33.33:917][  0]LogTemp:Display: Loaded TP LinuxNoEditorTargetPlatform
[2017.06.29-01.33.33:973][  0]LogTemp:Display: Loaded TP LinuxServerTargetPlatform
[2017.06.29-01.33.34:029][  0]LogTemp:Display: Loaded TP LinuxTargetPlatform
[2017.06.29-01.33.34:029][  0]LogTargetPlatformManager:Display: Building Assets For Windows
[2017.06.29-01.33.34:501][  0]LogDerivedDataCache:Display: Max Cache Size: 512 MB
[2017.06.29-01.33.34:579][  0]LogDerivedDataCache: Loaded boot cache 0.08s 64MB C:/Users/STAR/AppData/Local/UnrealEngine/4.14/DerivedDataCache/Boot.ddc.
[2017.06.29-01.33.34:579][  0]LogDerivedDataCache:Display: Loaded Boot cache: C:/Users/STAR/AppData/Local/UnrealEngine/4.14/DerivedDataCache/Boot.ddc
[2017.06.29-01.33.34:579][  0]LogDerivedDataCache: FDerivedDataBackendGraph:  Pak pak cache file ../../../../../../Git/UnrealProject/Study/170628/Study_170628/DerivedDataCache/DDC.ddp not found, will not use a pak cache.
[2017.06.29-01.33.34:580][  0]LogDerivedDataCache: Unable to find inner node Pak for hierarchical cache Hierarchy.
[2017.06.29-01.33.34:580][  0]LogDerivedDataCache: FDerivedDataBackendGraph:  CompressedPak pak cache file ../../../../../../Git/UnrealProject/Study/170628/Study_170628/DerivedDataCache/Compressed.ddp not found, will not use a pak cache.
[2017.06.29-01.33.34:580][  0]LogDerivedDataCache: Unable to find inner node CompressedPak for hierarchical cache Hierarchy.
[2017.06.29-01.33.34:601][  0]LogDerivedDataCache:Display: Pak cache opened for reading ../../../Engine/DerivedDataCache/Compressed.ddp.
[2017.06.29-01.33.34:614][  0]LogDerivedDataCache: Using Local data cache path C:/Users/STAR/AppData/Local/UnrealEngine/Common/DerivedDataCache: Writable
[2017.06.29-01.33.34:924][  0]LogInit: Selected Device Profile: [Windows]
[2017.06.29-01.33.34:928][  0]LogContentStreaming: Texture pool size is 0.00 MB
[2017.06.29-01.33.35:170][  0]LogMeshUtilities: Using QuadricMeshReduction for automatic static mesh reduction
[2017.06.29-01.33.35:224][  0]LogSimplygon: Simplygon DLL not present - disabling.
[2017.06.29-01.33.35:302][  0]LogMeshUtilities: Using SimplygonSwarm for distributed automatic mesh merging
[2017.06.29-01.33.35:302][  0]LogMeshUtilities: No automatic skeletal mesh reduction module available
[2017.06.29-01.33.35:302][  0]LogMeshUtilities: No automatic mesh merging module available
[2017.06.29-01.33.35:974][  0]LogNetVersion: GetLocalNetworkVersion: CL: 3195953, ProjectName: study_170628, ProjectVersion: , EngineNetworkVersion: 2, GameNetworkVersion: 0, NetworkChecksum: 3630470280
[2017.06.29-01.33.36:035][  0]LogAssetRegistry: FAssetRegistry took 0.0217 seconds to start up
[2017.06.29-01.33.36:102][  0]LogPackageLocalizationCache: Processed 3 localized package path(s) for 2 prioritized culture(s) in 0.047896 seconds
[2017.06.29-01.33.36:108][  0]LogUObjectArray: 31946 objects as part of root set at end of initial load.
[2017.06.29-01.33.36:108][  0]LogUObjectAllocator: 6935840 out of 0 bytes used by permanent object pool.
[2017.06.29-01.33.36:108][  0]LogUObjectArray: CloseDisregardForGC: 0/0 objects in disregard for GC pool
[2017.06.29-01.33.36:165][  0]LogInit: WinSock: version 1.1 (2.2), MaxSocks=32767, MaxUdp=65467
[2017.06.29-01.33.36:997][  0]LogSlate: Using Freetype 2.6.0
[2017.06.29-01.33.36:998][  0]LogSlate: SlateFontCache - WITH_FREETYPE: 1, WITH_HARFBUZZ: 1
[2017.06.29-01.33.36:998][  0]LogSlate: SlateFontCache - WITH_FREETYPE: 1, WITH_HARFBUZZ: 1
[2017.06.29-01.33.38:292][  0]LogTcpMessaging: Initializing TcpMessaging bridge
[2017.06.29-01.33.38:332][  0]LogUdpMessaging: Initializing bridge on interface 0.0.0.0:0 to multicast group 230.0.0.1:6666.
[2017.06.29-01.33.38:935][  0]LogMaterial: Uniform references updated for custom material expression Custom.
[2017.06.29-01.33.39:481][  0]SourceControl: 정보 소스 콘트롤이 꺼졌습니다.
[2017.06.29-01.33.39:483][  0]SourceControl: 정보 소스 콘트롤이 꺼졌습니다.
[2017.06.29-01.33.39:542][  0]SourceControl: 정보 소스 콘트롤이 꺼졌습니다.
[2017.06.29-01.33.39:631][  0]SourceControl: 정보 소스 콘트롤이 꺼졌습니다.
[2017.06.29-01.33.41:537][  0]LogEngine: Initializing Engine...
[2017.06.29-01.33.41:539][  0]LogHMD: Failed to initialize OpenVR with code 110
[2017.06.29-01.33.41:929][  0]LogAIModule: Creating AISystem for world Untitled
[2017.06.29-01.33.41:945][  0]LogInit: XAudio2 using '스피커(Realtek High Definition Audio)' : 2 channels at 48 kHz using 32 bits per sample (channel mask 0x3)
[2017.06.29-01.33.41:976][  0]LogInit: FAudioDevice initialized.
[2017.06.29-01.33.42:018][  0]LogDerivedDataCache: Saved boot cache 0.04s 50MB C:/Users/STAR/AppData/Local/UnrealEngine/4.14/DerivedDataCache/Boot.ddc.
[2017.06.29-01.33.42:030][  0]LogInit: Texture streaming: Enabled
[2017.06.29-01.33.42:367][  0]LogInit: Transaction tracking system initialized
[2017.06.29-01.33.42:757][  0]BlueprintLog: New page: 에디터 로드
[2017.06.29-01.33.44:404][  0]LocalizationService: 정보 현지화 서비스가 비활성화되었습니다.
[2017.06.29-01.33.45:843][  0]LogConsoleResponse:Display: 
[2017.06.29-01.33.46:148][  0]LogCook:Display: Max memory allowance for cook 16384mb min free memory 0mb
[2017.06.29-01.33.46:148][  0]LogCook:Display: Mobile HDR setting 1
[2017.06.29-01.33.47:130][  0]LogFileCache: Scanning file cache for directory 'D:/Git/UnrealProject/Study/170628/Study_170628/Content/' took 0.02s
[2017.06.29-01.33.48:583][  0]SourceControl: 정보 소스 콘트롤이 꺼졌습니다.
[2017.06.29-01.33.57:430][  0]LogWindowsTextInputMethodSystem:Display: IME system now activated using TSF (Microsoft 입력기).
[2017.06.29-01.33.57:451][  0]LogWindowsTextInputMethodSystem:Display: IME system now activated using TSF (Microsoft 입력기).
[2017.06.29-01.33.59:327][  0]LogWindowsTextInputMethodSystem:Display: IME system now activated using TSF (Microsoft 입력기).
[2017.06.29-01.33.59:342][  0]LogWindowsTextInputMethodSystem:Display: IME system now activated using TSF (Microsoft 입력기).
[2017.06.29-01.34.00:276][  0]LogWindowsTextInputMethodSystem:Display: IME system now activated using TSF (Microsoft 입력기).
[2017.06.29-01.34.00:286][  0]LogWindowsTextInputMethodSystem:Display: IME system now activated using TSF (Microsoft 입력기).
[2017.06.29-01.34.00:288][  0]Cmd: MAP LOAD FILE="../../../Engine/Content/Maps/Templates/Template_Default.umap" TEMPLATE=1 SHOWPROGRESS=1 FEATURELEVEL=3
[2017.06.29-01.34.00:290][  0]LightingResults: New page: 라이팅 빌드
[2017.06.29-01.34.00:376][  0]MapCheck: New page: 맵 체크
[2017.06.29-01.34.00:376][  0]LightingResults: New page: 라이팅 빌드
[2017.06.29-01.34.00:702][  0]LogAIModule: Creating AISystem for world Untitled_1
[2017.06.29-01.34.00:704][  0]LogActorComponent: RegisterComponentWithWorld: (/Temp/Untitled_1.Untitled_1:PersistentLevel.WorldSettings_1.StaticMeshComponent0) Trying to register component with IsPendingKill() == true. Aborting.
[2017.06.29-01.34.00:710][  0]LogEditorServer: Finished looking for orphan Actors (0.000 secs)
[2017.06.29-01.34.00:719][  0]Cmd: MAP CHECKDEP NOCLEARLOG
[2017.06.29-01.34.00:807][  0]MapCheck: 정보 맵 체크 완료: 오류 0 회, 경고 0 회, 소요 시간 87.942ms.
[2017.06.29-01.34.00:807][  0]LogFileHelpers: Loading map 'Template_Default' took 0.520
[2017.06.29-01.34.00:913][  0]LogStats:Warning: MetaData mismatch. Did you assign a stat to two groups? New //STATGROUP_Threads//SplashScreenThread///Thread_1a3f8_0///####STATCAT_Advanced#### old //STATGROUP_Threads//SplashScreenThread///Thread_1a31c_0///####STATCAT_Advanced####
[2017.06.29-01.34.00:913][  0]LogCollectionManager: Loaded 0 collections in 0.001629 seconds
[2017.06.29-01.34.00:997][  0]LogFileCache: Scanning file cache for directory 'D:/Git/UnrealProject/Study/170628/Study_170628/Saved/Collections/' took 0.01s
[2017.06.29-01.34.00:997][  0]LogFileCache: Scanning file cache for directory 'D:/Git/UnrealProject/Study/170628/Study_170628/Content/Developers/STAR/Collections/' took 0.01s
[2017.06.29-01.34.00:997][  0]LogFileCache: Scanning file cache for directory 'D:/Git/UnrealProject/Study/170628/Study_170628/Content/Collections/' took 0.01s
[2017.06.29-01.34.00:997][  0]LogCollectionManager: Rebuilt the GUID cache for 0 collections in 0.000002 seconds
[2017.06.29-01.34.01:007][  0]LogContentBrowser: Native class hierarchy populated in 0.0102 seconds. Added 2190 classes and 428 folders.
[2017.06.29-01.34.01:046][  0]LogStats: UGameplayTagsManager::ConstructGameplayTagTree: Construct from data asset -  0.000 s
[2017.06.29-01.34.01:046][  0]LogStats: UGameplayTagsManager::ConstructGameplayTagTree: GameplayTagTreeChangedEvent.Broadcast -  0.000 s
[2017.06.29-01.34.01:047][  0]LogContentBrowser: Native class hierarchy updated for 'GameplayTags' in 0.0006 seconds. Added 13 classes and 0 folders.
[2017.06.29-01.34.01:111][  0]LogContentBrowser: Native class hierarchy updated for 'WidgetCarousel' in 0.0006 seconds. Added 0 classes and 0 folders.
[2017.06.29-01.34.01:192][  0]LogContentBrowser: Native class hierarchy updated for 'AddContentDialog' in 0.0006 seconds. Added 0 classes and 0 folders.
[2017.06.29-01.34.01:275][  0]LogContentBrowser: Native class hierarchy updated for 'SceneOutliner' in 0.0010 seconds. Added 1 classes and 2 folders.
[2017.06.29-01.34.01:417][  0]LogCrashTracker: Crashtracker disabled due to settings.
[2017.06.29-01.34.01:439][  0]LogUObjectGlobals:Warning: 'Class 없음.' 오브젝트를 찾는 데 실패했습니다.
[2017.06.29-01.34.01:598][  0]LogContentBrowser: Native class hierarchy updated for 'HierarchicalLODOutliner' in 0.0009 seconds. Added 1 classes and 2 folders.
[2017.06.29-01.34.01:599][  0]LogLoad: (Engine Initialization) Total time: 33.91 seconds
[2017.06.29-01.34.01:600][  0]LogLoad: (Engine Initialization) Total Blueprint compile time: 0.12 seconds
[2017.06.29-01.34.01:600][  0]LogExternalProfiler: Found external profiler: VSPerf
[2017.06.29-01.34.01:600][  0]LogExternalProfiler: Using external profiler: VSPerf
[2017.06.29-01.34.01:612][  0]LogOcInput: OculusInput pre-init called
[2017.06.29-01.34.01:632][  0]LogContentStreaming: Texture pool size now 1000 MB
[2017.06.29-01.34.01:838][  0]LogRenderer: Reallocating scene render targets to support 1208x640 NumSamples 1 (Frame:2).
[2017.06.29-01.34.02:235][  1]LogAssetRegistry: Asset discovery search completed in 26.2222 seconds
[2017.06.29-01.34.02:236][  1]LogCollectionManager: Rebuilt the object cache for 0 collections in 0.000002 seconds (found 0 objects)
[2017.06.29-01.34.02:236][  1]LogCollectionManager: Fixed up redirectors for 0 collections in 0.000022 seconds (updated 0 objects)
[2017.06.29-03.56.12:398][456]LogEditorViewport: Clicking on Actor (LMB): BP_Sky_Sphere_C (Sky Sphere)
[2017.06.29-04.08.57:245][776]LogContentBrowser: Native class hierarchy updated for 'Matinee' in 0.0178 seconds. Added 15 classes and 2 folders.
[2017.06.29-04.08.57:346][776]LogInit: Transaction tracking system initialized
[2017.06.29-04.08.57:371][776]EditorErrors: New page: 마티네 초기화
[2017.06.29-04.08.57:569][776]LogTexture:Display: 텍스처 빌드중: MAT_Groups_View_On (AutoDXT)
[2017.06.29-04.08.57:748][776]LogTexture:Display: 텍스처 빌드중: MAT_Groups_View_Off (AutoDXT)
[2017.06.29-04.08.57:791][776]LogTexture:Display: 텍스처 빌드중: MAT_Groups_Right_On (AutoDXT)
[2017.06.29-04.08.57:799][776]LogTexture:Display: 텍스처 빌드중: MAT_Groups_Right_Off (AutoDXT)
[2017.06.29-04.08.57:807][776]LogTexture:Display: 텍스처 빌드중: MAT_Groups_Left_On (AutoDXT)
[2017.06.29-04.08.57:816][776]LogTexture:Display: 텍스처 빌드중: MAT_Groups_Left_Off (AutoDXT)
[2017.06.29-04.08.57:855][776]LogTexture:Display: 텍스처 빌드중: CASC_ModuleEnable (AutoDXT)
[2017.06.29-04.08.57:867][776]LogTexture:Display: 텍스처 빌드중: MAT_Groups_Graph_On (AutoDXT)
[2017.06.29-04.08.57:892][776]LogTexture:Display: 텍스처 빌드중: MAT_Groups_Graph_Off (AutoDXT)
[2017.06.29-04.08.58:515][776]LogTexture:Display: 텍스처 빌드중: MatineeGreyGrad (AutoDXT)
[2017.06.29-04.38.38:227][551]LogExit: Transaction tracking system shut down
[2017.06.29-04.38.41:309][551]Cmd: MAP LOAD FILE="../../../../../../Git/UnrealProject/Study/170628/Study_170628/Content/Maps/Room.umap" TEMPLATE=0 SHOWPROGRESS=1 FEATURELEVEL=3
[2017.06.29-04.38.41:427][551]LightingResults: New page: 라이팅 빌드
[2017.06.29-04.38.41:429][551]LoadErrors: New page: 맵 로드중: Room.umap
[2017.06.29-04.38.41:581][551]MapCheck: New page: 맵 체크
[2017.06.29-04.38.41:581][551]LightingResults: New page: 라이팅 빌드
[2017.06.29-04.38.49:801][551]LogAIModule: Creating AISystem for world Room
[2017.06.29-04.38.49:888][551]LogActorComponent: RegisterComponentWithWorld: (/Game/Maps/Room.Room:PersistentLevel.WorldInfo_0.StaticMeshComponent0) Trying to register component with IsPendingKill() == true. Aborting.
[2017.06.29-04.38.50:887][551]LogEditorServer: Finished looking for orphan Actors (0.000 secs)
[2017.06.29-04.38.51:086][551]Cmd: MAP CHECKDEP NOCLEARLOG
[2017.06.29-04.38.53:980][551]MapCheck: 정보 맵 체크 완료: 오류 0 회, 경고 0 회, 소요 시간 2,893.797ms.
[2017.06.29-04.38.53:990][551]LogFileHelpers: Loading map 'Room' took 12.730
[2017.06.29-04.41.19:019][124]LogEditorViewport: Clicking on Actor (LMB): StaticMeshActor (SM_FloorLamp10)
[2017.06.29-04.41.21:226][173]LogEditorViewport: Clicking on Actor (LMB): StaticMeshActor (WallPiece634)
[2017.06.29-04.46.51:449][410]Cmd: TRANSACTION UNDO
[2017.06.29-04.46.51:855][410]LogEditorTransaction: Undo 애니메이션가능 프로퍼티 변경됨
[2017.06.29-04.48.38:935][369]Cmd: OBJ SAVEPACKAGE PACKAGE="/Game/Maps/Room" FILE="../../../../../../Git/UnrealProject/Study/170628/Study_170628/Saved/Autosaves/Game/Maps/Room_Auto1.umap" SILENT=true AUTOSAVING=true KEEPDIRTY=false
[2017.06.29-04.48.41:162][369]LogSavePackage: Save=2078.42ms
[2017.06.29-04.48.41:162][369]LogSavePackage: Moving '../../../../../../Git/UnrealProject/Study/170628/Study_170628/Saved/Room_Auto125B63BC147191E06758D4EB24BDEE544.tmp' to '../../../../../../Git/UnrealProject/Study/170628/Study_170628/Saved/Autosaves/Game/Maps/Room_Auto1.umap'
[2017.06.29-04.48.41:192][369]LogSavePackage:Display: Finished SavePackage ../../../../../../Git/UnrealProject/Study/170628/Study_170628/Saved/Autosaves/Game/Maps/Room_Auto1.umap
[2017.06.29-04.48.41:292][369]LogFileHelpers: Editor autosave (incl. sublevels) for '/Game/Maps/Room' took 2.521
[2017.06.29-04.48.41:292][369]LogFileHelpers: Editor autosave (incl. sublevels) for all levels took 2.521
[2017.06.29-04.48.41:318][369]OBJ SavePackage: Generating thumbnails for [0] asset(s) in package [/Game/Sequences/SEQ_DEMO_CAMERA] ([1] browsable assets)...
[2017.06.29-04.48.41:318][369]OBJ SavePackage: Finished generating thumbnails for package [/Game/Sequences/SEQ_DEMO_CAMERA]
[2017.06.29-04.48.41:437][369]LogSavePackage: Save=116.86ms
[2017.06.29-04.48.41:437][369]LogSavePackage: Moving '../../../../../../Git/UnrealProject/Study/170628/Study_170628/Saved/SEQ_DEMO_CAMERA_Auto1D2528E92450B4A1DD1B7C7877C139276.tmp' to '../../../../../../Git/UnrealProject/Study/170628/Study_170628/Saved/Autosaves/Game/Sequences/SEQ_DEMO_CAMERA_Auto1.uasset'
[2017.06.29-04.48.41:438][369]LogSavePackage:Display: Finished SavePackage ../../../../../../Git/UnrealProject/Study/170628/Study_170628/Saved/Autosaves/Game/Sequences/SEQ_DEMO_CAMERA_Auto1.uasset
[2017.06.29-04.48.41:438][369]LogFileHelpers: Auto-saving content packages took 0.145
[2017.06.29-04.58.41:599][701]LogFileHelpers: Editor autosave (incl. sublevels) for '/Game/Maps/Room' took 0.014
[2017.06.29-04.58.41:601][701]OBJ SavePackage: Generating thumbnails for [0] asset(s) in package [/Game/Sequences/SEQ_DEMO_CAMERA] ([1] browsable assets)...
[2017.06.29-04.58.41:601][701]OBJ SavePackage: Finished generating thumbnails for package [/Game/Sequences/SEQ_DEMO_CAMERA]
[2017.06.29-04.58.41:621][701]LogSavePackage: Save=16.88ms
[2017.06.29-04.58.41:621][701]LogSavePackage: Moving '../../../../../../Git/UnrealProject/Study/170628/Study_170628/Saved/SEQ_DEMO_CAMERA_Auto21D6AE028430D0C52465AAC97A9D00B5C.tmp' to '../../../../../../Git/UnrealProject/Study/170628/Study_170628/Saved/Autosaves/Game/Sequences/SEQ_DEMO_CAMERA_Auto2.uasset'
[2017.06.29-04.58.41:623][701]LogSavePackage:Display: Finished SavePackage ../../../../../../Git/UnrealProject/Study/170628/Study_170628/Saved/Autosaves/Game/Sequences/SEQ_DEMO_CAMERA_Auto2.uasset
[2017.06.29-04.58.41:623][701]LogFileHelpers: Auto-saving content packages took 0.024
[2017.06.29-05.08.43:471][259]LogEditorViewport: Clicking on Actor (context menu): StaticMeshActor (WallPiece634)
[2017.06.29-05.08.47:156][367]LogEditorViewport: Clicking on Actor (context menu): StaticMeshActor (WallPiece634)
[2017.06.29-05.08.48:276][406]LogEditorViewport: Clicking on Actor (context menu): StaticMeshActor (WallPiece634)
[2017.06.29-05.09.30:442][581]Cmd: OBJ SAVEPACKAGE PACKAGE="/Game/ArchVis/IES/P_Paritle" FILE="../../../../../../Git/UnrealProject/Study/170628/Study_170628/Content/ArchVis/IES/P_Paritle.uasset" SILENT=true
[2017.06.29-05.09.30:519][581]LogSavePackage: Save=75.17ms
[2017.06.29-05.09.30:519][581]LogSavePackage: Moving '../../../../../../Git/UnrealProject/Study/170628/Study_170628/Saved/P_Paritle83A820FD4446F40B5129BEAD5B871E05.tmp' to '../../../../../../Git/UnrealProject/Study/170628/Study_170628/Content/ArchVis/IES/P_Paritle.uasset'
[2017.06.29-05.09.30:522][581]LogSavePackage:Display: Finished SavePackage ../../../../../../Git/UnrealProject/Study/170628/Study_170628/Content/ArchVis/IES/P_Paritle.uasset
[2017.06.29-05.09.45:342][230]LogContentBrowser: Native class hierarchy updated for 'Cascade' in 0.0010 seconds. Added 2 classes and 2 folders.
[2017.06.29-05.09.45:487][230]LogTexture:Display: 텍스처 빌드중: OrientParticle (AutoDXT)
[2017.06.29-05.09.45:785][230]LogTexture:Display: 텍스처 빌드중: CASC_Normal (BC5)
[2017.06.29-05.09.45:791][230]LogTexture:Display: 텍스처 빌드중: CASC_Point (AutoDXT)
[2017.06.29-05.09.45:831][230]LogTexture:Display: 텍스처 빌드중: CASC_Lights (BC5)
[2017.06.29-05.09.45:851][230]LogTexture:Display: 텍스처 빌드중: CASC_CurveEd (AutoDXT)
[2017.06.29-05.09.45:858][230]LogTexture:Display: 텍스처 빌드중: CASC_ModuleDisable (AutoDXT)
[2017.06.29-05.09.45:881][230]LogTexture:Display: 텍스처 빌드중: CASC_Solo_On (AutoDXT)
[2017.06.29-05.09.45:887][230]LogTexture:Display: 텍스처 빌드중: CASC_Solo_Off (AutoDXT)
[2017.06.29-05.09.45:895][230]LogTexture:Display: 텍스처 빌드중: CASC_DisabledModule (AutoDXT)
[2017.06.29-05.10.03:419][814]LogEditorViewport: Clicking on Actor (LMB): StaticMeshActor (WallPiece634)
[2017.06.29-05.10.09:267][ 35]Cmd: TRANSACTION UNDO
[2017.06.29-05.10.09:267][ 35]LogEditorTransaction: Undo 액터 이동
[2017.06.29-05.10.10:418][ 67]Cmd: TRANSACTION UNDO
[2017.06.29-05.10.10:418][ 67]LogEditorTransaction: Undo 액터 이동
[2017.06.29-05.10.11:430][106]LogEditorViewport: Clicking on Actor (LMB): StaticMeshActor (WallPiece634)
[2017.06.29-05.10.17:937][367]Cmd: SELECT NONE
[2017.06.29-05.11.08:123][106]Cmd: OBJ SAVEPACKAGE PACKAGE="/Game/Maps/Room" FILE="../../../../../../Git/UnrealProject/Study/170628/Study_170628/Saved/Autosaves/Game/Maps/Room_Auto3.umap" SILENT=true AUTOSAVING=true KEEPDIRTY=false
[2017.06.29-05.11.09:695][106]LogSavePackage: Save=1483.13ms
[2017.06.29-05.11.09:695][106]LogSavePackage: Moving '../../../../../../Git/UnrealProject/Study/170628/Study_170628/Saved/Room_Auto3663A9FB9458A717F53335D9022CB46AC.tmp' to '../../../../../../Git/UnrealProject/Study/170628/Study_170628/Saved/Autosaves/Game/Maps/Room_Auto3.umap'
[2017.06.29-05.11.09:696][106]LogSavePackage:Display: Finished SavePackage ../../../../../../Git/UnrealProject/Study/170628/Study_170628/Saved/Autosaves/Game/Maps/Room_Auto3.umap
[2017.06.29-05.11.09:699][106]LogFileHelpers: Editor autosave (incl. sublevels) for '/Game/Maps/Room' took 1.588
[2017.06.29-05.11.09:699][106]LogFileHelpers: Editor autosave (incl. sublevels) for all levels took 1.588
[2017.06.29-05.11.09:701][106]OBJ SavePackage: Generating thumbnails for [0] asset(s) in package [/Game/Sequences/SEQ_DEMO_CAMERA] ([1] browsable assets)...
[2017.06.29-05.11.09:701][106]OBJ SavePackage: Finished generating thumbnails for package [/Game/Sequences/SEQ_DEMO_CAMERA]
[2017.06.29-05.11.09:724][106]LogSavePackage: Save=15.33ms
[2017.06.29-05.11.09:724][106]LogSavePackage: Moving '../../../../../../Git/UnrealProject/Study/170628/Study_170628/Saved/SEQ_DEMO_CAMERA_Auto32F1130F44CC4783B6BE86D88C52EDBFE.tmp' to '../../../../../../Git/UnrealProject/Study/170628/Study_170628/Saved/Autosaves/Game/Sequences/SEQ_DEMO_CAMERA_Auto3.uasset'
[2017.06.29-05.11.09:726][106]LogSavePackage:Display: Finished SavePackage ../../../../../../Git/UnrealProject/Study/170628/Study_170628/Saved/Autosaves/Game/Sequences/SEQ_DEMO_CAMERA_Auto3.uasset
[2017.06.29-05.11.09:736][106]LogSavePackage: Save=7.92ms
[2017.06.29-05.11.09:736][106]LogSavePackage: Moving '../../../../../../Git/UnrealProject/Study/170628/Study_170628/Saved/NewParticleSystem_Auto358036D444A3E4315F12F268809D52091.tmp' to '../../../../../../Git/UnrealProject/Study/170628/Study_170628/Saved/Autosaves/Game/ArchVis/IES/NewParticleSystem_Auto3.uasset'
[2017.06.29-05.11.09:739][106]LogSavePackage:Display: Finished SavePackage ../../../../../../Git/UnrealProject/Study/170628/Study_170628/Saved/Autosaves/Game/ArchVis/IES/NewParticleSystem_Auto3.uasset
[2017.06.29-05.11.09:741][106]OBJ SavePackage: Generating thumbnails for [1] asset(s) in package [/Game/ArchVis/IES/P_Paritle] ([1] browsable assets)...
[2017.06.29-05.11.09:749][106]OBJ SavePackage:     Rendered thumbnail for [ParticleSystem /Game/ArchVis/IES/P_Paritle.P_Paritle]
[2017.06.29-05.11.09:749][106]OBJ SavePackage: Finished generating thumbnails for package [/Game/ArchVis/IES/P_Paritle]
[2017.06.29-05.11.09:766][106]LogSavePackage: Save=11.99ms
[2017.06.29-05.11.09:766][106]LogSavePackage: Moving '../../../../../../Git/UnrealProject/Study/170628/Study_170628/Saved/P_Paritle_Auto3067FFDEB4ADF0892433193B994815315.tmp' to '../../../../../../Git/UnrealProject/Study/170628/Study_170628/Saved/Autosaves/Game/ArchVis/IES/P_Paritle_Auto3.uasset'
[2017.06.29-05.11.09:768][106]LogSavePackage:Display: Finished SavePackage ../../../../../../Git/UnrealProject/Study/170628/Study_170628/Saved/Autosaves/Game/ArchVis/IES/P_Paritle_Auto3.uasset
[2017.06.29-05.11.09:768][106]LogFileHelpers: Auto-saving content packages took 0.067
[2017.06.29-05.22.39:386][171]Cmd: OBJ SAVEPACKAGE PACKAGE="/Game/Maps/Room" FILE="../../../../../../Git/UnrealProject/Study/170628/Study_170628/Saved/Autosaves/Game/Maps/Room_Auto4.umap" SILENT=true AUTOSAVING=true KEEPDIRTY=false
[2017.06.29-05.22.40:617][171]LogSavePackage: Save=1203.53ms
[2017.06.29-05.22.40:624][171]LogSavePackage: Moving '../../../../../../Git/UnrealProject/Study/170628/Study_170628/Saved/Room_Auto41B838499428D9A2ACF21E18F4FF996F5.tmp' to '../../../../../../Git/UnrealProject/Study/170628/Study_170628/Saved/Autosaves/Game/Maps/Room_Auto4.umap'
[2017.06.29-05.22.40:625][171]LogSavePackage:Display: Finished SavePackage ../../../../../../Git/UnrealProject/Study/170628/Study_170628/Saved/Autosaves/Game/Maps/Room_Auto4.umap
[2017.06.29-05.22.40:655][171]LogFileHelpers: Editor autosave (incl. sublevels) for '/Game/Maps/Room' took 1.281
[2017.06.29-05.22.40:655][171]LogFileHelpers: Editor autosave (incl. sublevels) for all levels took 1.281
[2017.06.29-05.22.40:688][171]OBJ SavePackage: Generating thumbnails for [0] asset(s) in package [/Game/Sequences/SEQ_DEMO_CAMERA] ([1] browsable assets)...
[2017.06.29-05.22.40:688][171]OBJ SavePackage: Finished generating thumbnails for package [/Game/Sequences/SEQ_DEMO_CAMERA]
[2017.06.29-05.22.40:704][171]LogSavePackage: Save=13.54ms
[2017.06.29-05.22.40:704][171]LogSavePackage: Moving '../../../../../../Git/UnrealProject/Study/170628/Study_170628/Saved/SEQ_DEMO_CAMERA_Auto45658611445D44C06D84036B0F7540D49.tmp' to '../../../../../../Git/UnrealProject/Study/170628/Study_170628/Saved/Autosaves/Game/Sequences/SEQ_DEMO_CAMERA_Auto4.uasset'
[2017.06.29-05.22.40:705][171]LogSavePackage:Display: Finished SavePackage ../../../../../../Git/UnrealProject/Study/170628/Study_170628/Saved/Autosaves/Game/Sequences/SEQ_DEMO_CAMERA_Auto4.uasset
[2017.06.29-05.22.40:705][171]OBJ SavePackage: Generating thumbnails for [1] asset(s) in package [/Game/ArchVis/IES/P_Paritle] ([1] browsable assets)...
[2017.06.29-05.22.40:833][171]OBJ SavePackage:     Rendered thumbnail for [ParticleSystem /Game/ArchVis/IES/P_Paritle.P_Paritle]
[2017.06.29-05.22.40:833][171]OBJ SavePackage: Finished generating thumbnails for package [/Game/ArchVis/IES/P_Paritle]
[2017.06.29-05.22.40:903][171]LogSavePackage: Save=29.53ms
[2017.06.29-05.22.40:903][171]LogSavePackage: Moving '../../../../../../Git/UnrealProject/Study/170628/Study_170628/Saved/P_Paritle_Auto4ECB6E5544ACD7E1707C1C481E98485C2.tmp' to '../../../../../../Git/UnrealProject/Study/170628/Study_170628/Saved/Autosaves/Game/ArchVis/IES/P_Paritle_Auto4.uasset'
[2017.06.29-05.22.40:905][171]LogSavePackage:Display: Finished SavePackage ../../../../../../Git/UnrealProject/Study/170628/Study_170628/Saved/Autosaves/Game/ArchVis/IES/P_Paritle_Auto4.uasset
[2017.06.29-05.22.40:905][171]LogFileHelpers: Auto-saving content packages took 0.218
[2017.06.29-05.23.37:563][553]Cmd: OBJ SAVEPACKAGE PACKAGE="/Game/ArchVis/IES/P_Paritle" FILE="../../../../../../Git/UnrealProject/Study/170628/Study_170628/Content/ArchVis/IES/P_Paritle.uasset" SILENT=true
[2017.06.29-05.23.37:581][553]LogSavePackage: Save=15.86ms
[2017.06.29-05.23.37:582][553]LogSavePackage: Moving '../../../../../../Git/UnrealProject/Study/170628/Study_170628/Saved/P_ParitleB83059C648F510CA1723F3BED2E48068.tmp' to '../../../../../../Git/UnrealProject/Study/170628/Study_170628/Content/ArchVis/IES/P_Paritle.uasset'
[2017.06.29-05.23.37:594][553]LogSavePackage:Display: Finished SavePackage ../../../../../../Git/UnrealProject/Study/170628/Study_170628/Content/ArchVis/IES/P_Paritle.uasset
[2017.06.29-05.29.40:864][880]LogEditorViewport: Clicking on Actor (LMB): StaticMeshActor (SlidingDoors7)
[2017.06.29-05.30.03:970][194]LogMaterial: Missing cached shader map for material M_dust, compiling. 
[2017.06.29-05.30.06:462][194]LogMaterial: Missing cached shader map for material M_dust, compiling. 
[2017.06.29-05.30.06:538][194]LogMaterial: 0.02 seconds spent updating 1 materials, 1 interfaces, 0 instances, 0 with static permutations.
[2017.06.29-05.30.18:403][494]MaterialEditorStats: 정보 Base pass shader with only dynamic lighting: 22 instructions
[2017.06.29-05.30.18:403][494]MaterialEditorStats: 정보 Vertex shader: 29 instructions
[2017.06.29-05.30.18:403][494]MaterialEditorStats: 정보 Texture samplers: 0/16
[2017.06.29-05.31.21:130][724]LogMaterial: Missing cached shader map for material M_dust, compiling. 
[2017.06.29-05.31.21:163][724]LogMaterial: 0.00 seconds spent updating 1 materials, 1 interfaces, 0 instances, 0 with static permutations.
[2017.06.29-05.31.27:632][906]MaterialEditorStats: 정보 Base pass shader with only dynamic lighting: 22 instructions
[2017.06.29-05.31.27:632][906]MaterialEditorStats: 정보 Vertex shader: 29 instructions
[2017.06.29-05.31.27:632][906]MaterialEditorStats: 정보 Texture samplers: 0/16
[2017.06.29-05.31.43:263][212]LogMaterial: Missing cached shader map for material M_dust, compiling. 
[2017.06.29-05.31.43:308][212]LogMaterial: 0.00 seconds spent updating 1 materials, 1 interfaces, 0 instances, 0 with static permutations.
[2017.06.29-05.31.46:911][302]MaterialEditorStats: 정보 Base pass shader with only dynamic lighting: 22 instructions
[2017.06.29-05.31.46:911][302]MaterialEditorStats: 정보 Vertex shader: 29 instructions
[2017.06.29-05.31.46:911][302]MaterialEditorStats: 정보 Texture samplers: 0/16
[2017.06.29-05.33.27:948][  8]LogMaterial:Warning: Material /Game/ArchVis/IES/M_dust.M_dust needed to have new flag set bUsedWithParticleSprites !
[2017.06.29-05.33.27:948][  8]LogMaterial:Warning: Material /Engine/Transient.M_dust needed to have new flag set bUsedWithParticleSprites !
[2017.06.29-05.33.27:951][  8]LogMaterial: Missing cached shader map for material M_dust, compiling. 
[2017.06.29-05.33.27:970][  8]LogMaterial: 0.00 seconds spent updating 1 materials, 1 interfaces, 0 instances, 0 with static permutations.
[2017.06.29-05.33.27:973][  8]LogMaterial: Missing cached shader map for material M_dust, compiling. 
[2017.06.29-05.33.28:059][  8]LogMaterial: 0.00 seconds spent updating 1 materials, 1 interfaces, 0 instances, 0 with static permutations.
[2017.06.29-05.33.31:959][ 89]MaterialEditorStats: 정보 Base pass shader with only dynamic lighting: 22 instructions
[2017.06.29-05.33.31:959][ 89]MaterialEditorStats: 정보 Vertex shader: 29 instructions
[2017.06.29-05.33.31:959][ 89]MaterialEditorStats: 정보 Texture samplers: 0/16
[2017.06.29-05.34.04:737][993]LogMaterial: Missing cached shader map for material M_dust, compiling. 
[2017.06.29-05.34.04:757][993]LogMaterial: 0.00 seconds spent updating 1 materials, 1 interfaces, 0 instances, 0 with static permutations.
[2017.06.29-05.34.07:214][ 35]MaterialEditorStats: 정보 Base pass shader with only dynamic lighting: 22 instructions
[2017.06.29-05.34.07:214][ 35]MaterialEditorStats: 정보 Vertex shader: 29 instructions
[2017.06.29-05.34.07:214][ 35]MaterialEditorStats: 정보 Texture samplers: 0/16
[2017.06.29-05.34.10:622][107]LogMaterial: Missing cached shader map for material M_dust, compiling. 
[2017.06.29-05.34.10:679][107]LogMaterial: 0.00 seconds spent updating 1 materials, 1 interfaces, 0 instances, 0 with static permutations.
[2017.06.29-05.34.16:115][258]MaterialEditorStats: 정보 Base pass shader with only dynamic lighting: 36 instructions
[2017.06.29-05.34.16:115][258]MaterialEditorStats: 정보 Vertex shader: 31 instructions
[2017.06.29-05.34.16:115][258]MaterialEditorStats: 정보 Texture samplers: 0/16
[2017.06.29-05.34.37:852][856]LogMaterial: Missing cached shader map for material M_dust, compiling. 
[2017.06.29-05.34.37:875][856]LogMaterial: 0.00 seconds spent updating 1 materials, 1 interfaces, 0 instances, 0 with static permutations.
[2017.06.29-05.34.42:076][969]LogMaterial: Missing cached shader map for material M_dust, compiling. 
[2017.06.29-05.34.42:100][969]LogMaterial: 0.00 seconds spent updating 1 materials, 1 interfaces, 0 instances, 0 with static permutations.
[2017.06.29-05.34.47:840][ 97]MaterialEditorStats: 정보 Base pass shader with only dynamic lighting: 22 instructions
[2017.06.29-05.34.47:840][ 97]MaterialEditorStats: 정보 Vertex shader: 29 instructions
[2017.06.29-05.34.47:840][ 97]MaterialEditorStats: 정보 Texture samplers: 0/16
[2017.06.29-05.34.56:682][211]LogMaterial: Missing cached shader map for material M_dust, compiling. 
[2017.06.29-05.34.56:753][211]LogMaterial: Missing cached shader map for material M_dust, compiling. 
[2017.06.29-05.34.56:771][211]LogMaterial: 0.00 seconds spent updating 1 materials, 1 interfaces, 0 instances, 0 with static permutations.
[2017.06.29-05.35.05:121][415]MaterialEditorStats: 정보 Base pass shader with only dynamic lighting: 39 instructions
[2017.06.29-05.35.05:121][415]MaterialEditorStats: 정보 Base pass shader for self shadowed translucency: 76 instructions
[2017.06.29-05.35.05:121][415]MaterialEditorStats: 정보 Vertex shader: 66 instructions
[2017.06.29-05.35.05:121][415]MaterialEditorStats: 정보 Texture samplers: 4/16
[2017.06.29-05.35.07:987][484]LogMaterialEditor: Applying material M_dust
[2017.06.29-05.35.10:296][484]LogMaterial: Missing cached shader map for material M_dust, compiling. 
[2017.06.29-05.35.10:331][484]LogMaterial: 0.00 seconds spent updating 1 materials, 1 interfaces, 0 instances, 0 with static permutations.
[2017.06.29-05.35.10:418][484]LogMaterial: Missing cached shader map for material M_dust, compiling. 
[2017.06.29-05.35.10:495][484]LogMaterial: Missing cached shader map for material M_dust, compiling. 
[2017.06.29-05.35.10:561][484]LogMaterial: 0.00 seconds spent updating 1 materials, 1 interfaces, 0 instances, 0 with static permutations.
[2017.06.29-05.36.16:233][252]MaterialEditorStats: 정보 Base pass shader with only dynamic lighting: 63 instructions
[2017.06.29-05.36.16:233][252]MaterialEditorStats: 정보 Base pass shader for self shadowed translucency: 99 instructions
[2017.06.29-05.36.16:233][252]MaterialEditorStats: 정보 Vertex shader: 66 instructions
[2017.06.29-05.36.16:233][252]MaterialEditorStats: 정보 Texture samplers: 7/16
[2017.06.29-05.37.35:056][378]LogMaterial: Missing cached shader map for material M_dust, compiling. 
[2017.06.29-05.37.35:080][378]LogMaterial: 0.00 seconds spent updating 1 materials, 1 interfaces, 0 instances, 0 with static permutations.
[2017.06.29-05.37.42:955][588]LogMaterial: Missing cached shader map for material M_dust, compiling. 
[2017.06.29-05.37.42:979][588]LogMaterial: 0.00 seconds spent updating 1 materials, 1 interfaces, 0 instances, 0 with static permutations.
[2017.06.29-05.37.44:943][647]LogMaterial: Missing cached shader map for material M_dust, compiling. 
[2017.06.29-05.37.44:966][647]LogMaterial: 0.00 seconds spent updating 1 materials, 1 interfaces, 0 instances, 0 with static permutations.
[2017.06.29-05.37.48:675][738]LogMaterial: Missing cached shader map for material M_dust, compiling. 
[2017.06.29-05.37.48:699][738]LogMaterial: 0.00 seconds spent updating 1 materials, 1 interfaces, 0 instances, 0 with static permutations.
[2017.06.29-05.37.55:189][864]MaterialEditorStats: 정보 Base pass shader with only dynamic lighting: 39 instructions
[2017.06.29-05.37.55:189][864]MaterialEditorStats: 정보 Base pass shader for self shadowed translucency: 76 instructions
[2017.06.29-05.37.55:189][864]MaterialEditorStats: 정보 Vertex shader: 66 instructions
[2017.06.29-05.37.55:189][864]MaterialEditorStats: 정보 Texture samplers: 4/16
[2017.06.29-05.38.17:370][930]LogFileHelpers: Editor autosave (incl. sublevels) for '/Game/Maps/Room' took 0.033
[2017.06.29-05.38.17:371][930]OBJ SavePackage: Generating thumbnails for [1] asset(s) in package [/Game/ArchVis/IES/P_Paritle] ([1] browsable assets)...
[2017.06.29-05.38.17:441][930]OBJ SavePackage:     Rendered thumbnail for [ParticleSystem /Game/ArchVis/IES/P_Paritle.P_Paritle]
[2017.06.29-05.38.17:441][930]OBJ SavePackage: Finished generating thumbnails for package [/Game/ArchVis/IES/P_Paritle]
[2017.06.29-05.38.17:512][930]LogSavePackage: Save=59.31ms
[2017.06.29-05.38.17:512][930]LogSavePackage: Moving '../../../../../../Git/UnrealProject/Study/170628/Study_170628/Saved/P_Paritle_Auto530B48C1B443FF2F4FD160E98A0BB493B.tmp' to '../../../../../../Git/UnrealProject/Study/170628/Study_170628/Saved/Autosaves/Game/ArchVis/IES/P_Paritle_Auto5.uasset'
[2017.06.29-05.38.17:513][930]LogSavePackage:Display: Finished SavePackage ../../../../../../Git/UnrealProject/Study/170628/Study_170628/Saved/Autosaves/Game/ArchVis/IES/P_Paritle_Auto5.uasset
[2017.06.29-05.38.17:514][930]OBJ SavePackage: Generating thumbnails for [1] asset(s) in package [/Game/ArchVis/IES/M_dust] ([1] browsable assets)...
[2017.06.29-05.38.17:566][930]OBJ SavePackage:     Rendered thumbnail for [Material /Game/ArchVis/IES/M_dust.M_dust]
[2017.06.29-05.38.17:566][930]OBJ SavePackage: Finished generating thumbnails for package [/Game/ArchVis/IES/M_dust]
[2017.06.29-05.38.17:601][930]LogSavePackage: Save=17.44ms
[2017.06.29-05.38.17:601][930]LogSavePackage: Moving '../../../../../../Git/UnrealProject/Study/170628/Study_170628/Saved/M_dust_Auto56EC05CF14E88D45B6D360E826E55A594.tmp' to '../../../../../../Git/UnrealProject/Study/170628/Study_170628/Saved/Autosaves/Game/ArchVis/IES/M_dust_Auto5.uasset'
[2017.06.29-05.38.17:602][930]LogSavePackage:Display: Finished SavePackage ../../../../../../Git/UnrealProject/Study/170628/Study_170628/Saved/Autosaves/Game/ArchVis/IES/M_dust_Auto5.uasset
[2017.06.29-05.38.17:602][930]LogFileHelpers: Auto-saving content packages took 0.232
[2017.06.29-07.02.15:098][419]LogMaterialEditor: Applying material M_dust
[2017.06.29-07.02.15:888][419]LogMaterial: Missing cached shader map for material M_dust, compiling. 
[2017.06.29-07.02.15:935][419]LogMaterial: 0.00 seconds spent updating 1 materials, 1 interfaces, 0 instances, 0 with static permutations.
[2017.06.29-07.02.16:061][419]LogMaterial: Missing cached shader map for material M_dust, compiling. 
[2017.06.29-07.02.16:141][419]LogMaterial: Missing cached shader map for material M_dust, compiling. 
[2017.06.29-07.02.16:230][419]LogMaterial: 0.01 seconds spent updating 1 materials, 1 interfaces, 0 instances, 0 with static permutations.
[2017.06.29-07.02.53:695][925]LogEditorViewport: Clicking on Actor (LMB): StaticMeshActor (SM_Shelving8)
[2017.06.29-07.03.50:113][998]MaterialEditorStats: 정보 Base pass shader with only dynamic lighting: 63 instructions
[2017.06.29-07.03.50:113][998]MaterialEditorStats: 정보 Base pass shader for self shadowed translucency: 99 instructions
[2017.06.29-07.03.50:114][998]MaterialEditorStats: 정보 Vertex shader: 66 instructions
[2017.06.29-07.03.50:114][998]MaterialEditorStats: 정보 Texture samplers: 7/16
[2017.06.29-07.03.59:890][ 27]LogFileHelpers: Editor autosave (incl. sublevels) for '/Game/Maps/Room' took 0.043
[2017.06.29-07.03.59:893][ 27]OBJ SavePackage: Generating thumbnails for [1] asset(s) in package [/Game/ArchVis/IES/M_dust] ([1] browsable assets)...
[2017.06.29-07.03.59:939][ 27]OBJ SavePackage:     Rendered thumbnail for [Material /Game/ArchVis/IES/M_dust.M_dust]
[2017.06.29-07.03.59:939][ 27]OBJ SavePackage: Finished generating thumbnails for package [/Game/ArchVis/IES/M_dust]
[2017.06.29-07.03.59:969][ 27]LogSavePackage: Save=23.79ms
[2017.06.29-07.03.59:969][ 27]LogSavePackage: Moving '../../../../../../Git/UnrealProject/Study/170628/Study_170628/Saved/M_dust_Auto6F81AC08548FF9F4B80DCBB92414A14F2.tmp' to '../../../../../../Git/UnrealProject/Study/170628/Study_170628/Saved/Autosaves/Game/ArchVis/IES/M_dust_Auto6.uasset'
[2017.06.29-07.03.59:970][ 27]LogSavePackage:Display: Finished SavePackage ../../../../../../Git/UnrealProject/Study/170628/Study_170628/Saved/Autosaves/Game/ArchVis/IES/M_dust_Auto6.uasset
[2017.06.29-07.03.59:970][ 27]LogFileHelpers: Auto-saving content packages took 0.079
[2017.06.29-07.04.53:620][307]LogCascade: Quitting Cascade. FXSystem=0x0000023D8750E480
